<?xml version="1.0" encoding="UTF-8"?>
<testsuite xmlns:xsi="http://www.w3.org/2001/XMLSchema-instance" xsi:noNamespaceSchemaLocation="https://maven.apache.org/surefire/maven-surefire-plugin/xsd/surefire-test-report.xsd" version="3.0.2" name="com.trading.portfolio.PortfolioServiceApplicationTests" time="3.448" tests="1" errors="0" skipped="0" failures="0">
  <properties>
[...]
</properties>
  <testcase name="contextLoads" classname="com.trading.portfolio.PortfolioServiceApplicationTests" time="0.309">
    <system-out><![CDATA[00:16:29.847 [main] INFO org.springframework.test.context.support.AnnotationConfigContextLoaderUtils -- Could not detect default configuration classes for test class [com.trading.portfolio.PortfolioServiceApplicationTests]: PortfolioServiceApplicationTests does not declare any static, non-private, non-final, nested classes annotated with @Configuration.
00:16:29.899 [main] INFO org.springframework.boot.test.context.SpringBootTestContextBootstrapper -- Found @SpringBootConfiguration com.trading.portfolio.PortfolioServiceApplication for test class com.trading.portfolio.PortfolioServiceApplicationTests

  .   ____          _            __ _ _
 /\\ / ___'_ __ _ _(_)_ __  __ _ \ \ \ \
( ( )\___ | '_ | '_| | '_ \/ _` | \ \ \ \
 \\/  ___)| |_)| | | | | || (_| |  ) ) ) )
  '  |____| .__|_| |_|_| |_\__, | / / / /
 =========|_|==============|___/=/_/_/_/

 :: Spring Boot ::                (v3.5.0)

2026-05-14T00:16:30.127+05:30  INFO 38299 --- [portfolio-service] [           main] c.t.p.PortfolioServiceApplicationTests   : Starting PortfolioServiceApplicationTests using Java 17.0.11 with PID 38299 (started by astharane in /Users/astharane/Desktop/trade-processing-system/portfolio-service)
2026-05-14T00:16:30.127+05:30  INFO 38299 --- [portfolio-service] [           main] c.t.p.PortfolioServiceApplicationTests   : No active profile set, falling back to 1 default profile: "default"
2026-05-14T00:16:30.613+05:30  INFO 38299 --- [portfolio-service] [           main] .s.d.r.c.RepositoryConfigurationDelegate : Bootstrapping Spring Data JPA repositories in DEFAULT mode.
2026-05-14T00:16:30.645+05:30  INFO 38299 --- [portfolio-service] [           main] .s.d.r.c.RepositoryConfigurationDelegate : Finished Spring Data repository scanning in 27 ms. Found 5 JPA repository interfaces.
2026-05-14T00:16:30.922+05:30  INFO 38299 --- [portfolio-service] [           main] o.hibernate.jpa.internal.util.LogHelper  : HHH000204: Processing PersistenceUnitInfo [name: default]
2026-05-14T00:16:30.959+05:30  INFO 38299 --- [portfolio-service] [           main] org.hibernate.Version                    : HHH000412: Hibernate ORM core version 6.6.15.Final
2026-05-14T00:16:30.982+05:30  INFO 38299 --- [portfolio-service] [           main] o.h.c.internal.RegionFactoryInitiator    : HHH000026: Second-level cache disabled
2026-05-14T00:16:31.106+05:30  INFO 38299 --- [portfolio-service] [           main] o.s.o.j.p.SpringPersistenceUnitInfo      : No LoadTimeWeaver setup: ignoring JPA class transformer
2026-05-14T00:16:31.121+05:30  INFO 38299 --- [portfolio-service] [           main] com.zaxxer.hikari.HikariDataSource       : HikariPool-1 - Starting...
2026-05-14T00:16:31.263+05:30  INFO 38299 --- [portfolio-service] [           main] com.zaxxer.hikari.pool.HikariPool        : HikariPool-1 - Added connection org.postgresql.jdbc.PgConnection@6d35ff7b
2026-05-14T00:16:31.264+05:30  INFO 38299 --- [portfolio-service] [           main] com.zaxxer.hikari.HikariDataSource       : HikariPool-1 - Start completed.
2026-05-14T00:16:31.281+05:30  WARN 38299 --- [portfolio-service] [           main] org.hibernate.orm.deprecation            : HHH90000025: PostgreSQLDialect does not need to be specified explicitly using 'hibernate.dialect' (remove the property setting and it will be selected by default)
2026-05-14T00:16:31.292+05:30  INFO 38299 --- [portfolio-service] [           main] org.hibernate.orm.connections.pooling    : HHH10001005: Database info:
	Database JDBC URL [Connecting through datasource 'HikariDataSource (HikariPool-1)']
	Database driver: undefined/unknown
	Database version: 16.13
	Autocommit mode: undefined/unknown
	Isolation level: undefined/unknown
	Minimum pool size: undefined/unknown
	Maximum pool size: undefined/unknown
2026-05-14T00:16:31.749+05:30  INFO 38299 --- [portfolio-service] [           main] o.h.e.t.j.p.i.JtaPlatformInitiator       : HHH000489: No JTA platform available (set 'hibernate.transaction.jta.platform' to enable JTA platform integration)
2026-05-14T00:16:31.791+05:30  INFO 38299 --- [portfolio-service] [           main] j.LocalContainerEntityManagerFactoryBean : Initialized JPA EntityManagerFactory for persistence unit 'default'
2026-05-14T00:16:32.178+05:30  INFO 38299 --- [portfolio-service] [           main] c.t.portfolio.replay.EventReplayService  : Checking replay checkpoint...
Hibernate: 
    select
        rce1_0.checkpoint_key,
        rce1_0.last_processed_event_id,
        rce1_0.updated_at 
    from
        replay_checkpoint rce1_0 
    where
        rce1_0.checkpoint_key=?
2026-05-14T00:16:32.242+05:30  INFO 38299 --- [portfolio-service] [           main] c.t.portfolio.replay.EventReplayService  : Last processed event_store id = 3
Hibernate: 
    select
        ese1_0.id,
        ese1_0.aggregate_id,
        ese1_0.created_at,
        ese1_0.event_id,
        ese1_0.event_type,
        ese1_0.payload 
    from
        event_store ese1_0 
    where
        ese1_0.event_type=? 
        and ese1_0.id>? 
    order by
        ese1_0.id
2026-05-14T00:16:32.341+05:30  INFO 38299 --- [portfolio-service] [           main] c.t.portfolio.replay.EventReplayService  : No new events to replay. Portfolio state is current.
2026-05-14T00:16:32.420+05:30  WARN 38299 --- [portfolio-service] [           main] JpaBaseConfiguration$JpaWebConfiguration : spring.jpa.open-in-view is enabled by default. Therefore, database queries may be performed during view rendering. Explicitly configure spring.jpa.open-in-view to disable this warning
2026-05-14T00:16:32.698+05:30  INFO 38299 --- [portfolio-service] [           main] o.s.b.a.e.web.EndpointLinksResolver      : Exposing 2 endpoints beneath base path '/actuator'
2026-05-14T00:16:32.777+05:30  INFO 38299 --- [portfolio-service] [           main] o.a.k.clients.consumer.ConsumerConfig    : ConsumerConfig values: 
	allow.auto.create.topics = true
	auto.commit.interval.ms = 5000
	auto.include.jmx.reporter = true
	auto.offset.reset = latest
	bootstrap.servers = [localhost:9092]
	check.crcs = true
	client.dns.lookup = use_all_dns_ips
	client.id = consumer-portfolio-service-group-1
	client.rack = 
	connections.max.idle.ms = 540000
	default.api.timeout.ms = 60000
	enable.auto.commit = false
	enable.metrics.push = true
	exclude.internal.topics = true
	fetch.max.bytes = 52428800
	fetch.max.wait.ms = 500
	fetch.min.bytes = 1
	group.id = portfolio-service-group
	group.instance.id = null
	group.protocol = classic
	group.remote.assignor = null
	heartbeat.interval.ms = 3000
	interceptor.classes = []
	internal.leave.group.on.close = true
	internal.throw.on.fetch.stable.offset.unsupported = false
	isolation.level = read_uncommitted
	key.deserializer = class org.apache.kafka.common.serialization.StringDeserializer
	max.partition.fetch.bytes = 1048576
	max.poll.interval.ms = 300000
	max.poll.records = 500
	metadata.max.age.ms = 300000
	metadata.recovery.strategy = none
	metric.reporters = []
	metrics.num.samples = 2
	metrics.recording.level = INFO
	metrics.sample.window.ms = 30000
	partition.assignment.strategy = [class org.apache.kafka.clients.consumer.RangeAssignor, class org.apache.kafka.clients.consumer.CooperativeStickyAssignor]
	receive.buffer.bytes = 65536
	reconnect.backoff.max.ms = 1000
	reconnect.backoff.ms = 50
	request.timeout.ms = 30000
	retry.backoff.max.ms = 1000
	retry.backoff.ms = 100
	sasl.client.callback.handler.class = null
	sasl.jaas.config = null
	sasl.kerberos.kinit.cmd = /usr/bin/kinit
	sasl.kerberos.min.time.before.relogin = 60000
	sasl.kerberos.service.name = null
	sasl.kerberos.ticket.renew.jitter = 0.05
	sasl.kerberos.ticket.renew.window.factor = 0.8
	sasl.login.callback.handler.class = null
	sasl.login.class = null
	sasl.login.connect.timeout.ms = null
	sasl.login.read.timeout.ms = null
	sasl.login.refresh.buffer.seconds = 300
	sasl.login.refresh.min.period.seconds = 60
	sasl.login.refresh.window.factor = 0.8
	sasl.login.refresh.window.jitter = 0.05
	sasl.login.retry.backoff.max.ms = 10000
	sasl.login.retry.backoff.ms = 100
	sasl.mechanism = GSSAPI
	sasl.oauthbearer.clock.skew.seconds = 30
	sasl.oauthbearer.expected.audience = null
	sasl.oauthbearer.expected.issuer = null
	sasl.oauthbearer.header.urlencode = false
	sasl.oauthbearer.jwks.endpoint.refresh.ms = 3600000
	sasl.oauthbearer.jwks.endpoint.retry.backoff.max.ms = 10000
	sasl.oauthbearer.jwks.endpoint.retry.backoff.ms = 100
	sasl.oauthbearer.jwks.endpoint.url = null
	sasl.oauthbearer.scope.claim.name = scope
	sasl.oauthbearer.sub.claim.name = sub
	sasl.oauthbearer.token.endpoint.url = null
	security.protocol = PLAINTEXT
	security.providers = null
	send.buffer.bytes = 131072
	session.timeout.ms = 45000
	socket.connection.setup.timeout.max.ms = 30000
	socket.connection.setup.timeout.ms = 10000
	ssl.cipher.suites = null
	ssl.enabled.protocols = [TLSv1.2, TLSv1.3]
	ssl.endpoint.identification.algorithm = https
	ssl.engine.factory.class = null
	ssl.key.password = null
	ssl.keymanager.algorithm = SunX509
	ssl.keystore.certificate.chain = null
	ssl.keystore.key = null
	ssl.keystore.location = null
	ssl.keystore.password = null
	ssl.keystore.type = JKS
	ssl.protocol = TLSv1.3
	ssl.provider = null
	ssl.secure.random.implementation = null
	ssl.trustmanager.algorithm = PKIX
	ssl.truststore.certificates = null
	ssl.truststore.location = null
	ssl.truststore.password = null
	ssl.truststore.type = JKS
	value.deserializer = class org.springframework.kafka.support.serializer.JsonDeserializer

2026-05-14T00:16:32.806+05:30  INFO 38299 --- [portfolio-service] [           main] o.a.k.c.t.i.KafkaMetricsCollector        : initializing Kafka metrics collector
2026-05-14T00:16:32.887+05:30  INFO 38299 --- [portfolio-service] [           main] o.a.kafka.common.utils.AppInfoParser     : Kafka version: 3.9.1
2026-05-14T00:16:32.888+05:30  INFO 38299 --- [portfolio-service] [           main] o.a.kafka.common.utils.AppInfoParser     : Kafka commitId: f745dfdcee2b9851
2026-05-14T00:16:32.888+05:30  INFO 38299 --- [portfolio-service] [           main] o.a.kafka.common.utils.AppInfoParser     : Kafka startTimeMs: 1778697992887
2026-05-14T00:16:32.890+05:30  INFO 38299 --- [portfolio-service] [           main] o.a.k.c.c.i.ClassicKafkaConsumer         : [Consumer clientId=consumer-portfolio-service-group-1, groupId=portfolio-service-group] Subscribed to topic(s): trades.executed
2026-05-14T00:16:32.911+05:30  INFO 38299 --- [portfolio-service] [           main] c.t.p.PortfolioServiceApplicationTests   : Started PortfolioServiceApplicationTests in 2.952 seconds (process running for 3.393)
2026-05-14T00:16:33.177+05:30  INFO 38299 --- [portfolio-service] [ntainer#0-0-C-1] org.apache.kafka.clients.Metadata        : [Consumer clientId=consumer-portfolio-service-group-1, groupId=portfolio-service-group] Cluster ID: redpanda.9a836500-7ae2-4898-9745-fade56ac78a6
2026-05-14T00:16:33.178+05:30  INFO 38299 --- [portfolio-service] [ntainer#0-0-C-1] o.a.k.c.c.internals.ConsumerCoordinator  : [Consumer clientId=consumer-portfolio-service-group-1, groupId=portfolio-service-group] Discovered group coordinator localhost:9092 (id: 2147483647 rack: null)
2026-05-14T00:16:33.179+05:30  INFO 38299 --- [portfolio-service] [ntainer#0-0-C-1] o.a.k.c.c.internals.ConsumerCoordinator  : [Consumer clientId=consumer-portfolio-service-group-1, groupId=portfolio-service-group] (Re-)joining group
2026-05-14T00:16:33.193+05:30  INFO 38299 --- [portfolio-service] [ntainer#0-0-C-1] o.a.k.c.c.internals.ConsumerCoordinator  : [Consumer clientId=consumer-portfolio-service-group-1, groupId=portfolio-service-group] Request joining group due to: need to re-join with the given member-id: consumer-portfolio-service-group-1-4bf9c91a-0589-4452-951d-52d960d20186
2026-05-14T00:16:33.193+05:30  INFO 38299 --- [portfolio-service] [ntainer#0-0-C-1] o.a.k.c.c.internals.ConsumerCoordinator  : [Consumer clientId=consumer-portfolio-service-group-1, groupId=portfolio-service-group] (Re-)joining group
]]></system-out>
  </testcase>
</testsuite>