<?xml version="1.0" encoding="UTF-8"?>
<testsuite xmlns:xsi="http://www.w3.org/2001/XMLSchema-instance" xsi:noNamespaceSchemaLocation="https://maven.apache.org/surefire/maven-surefire-plugin/xsd/surefire-test-report.xsd" version="3.0.2" name="com.trading.portfolio.service.PnLCalculatorTest" time="0.032" tests="13" errors="0" skipped="0" failures="0">
  <properties>
[...]
</properties>
  <testcase name="realizedPnl_profit" classname="com.trading.portfolio.service.PnLCalculatorTest" time="0.011"/>
  <testcase name="unrealizedPnl_breakEven" classname="com.trading.portfolio.service.PnLCalculatorTest" time="0.001"/>
  <testcase name="unrealizedPnl_profit" classname="com.trading.portfolio.service.PnLCalculatorTest" time="0.0"/>
  <testcase name="unrealizedPnl_zeroShares" classname="com.trading.portfolio.service.PnLCalculatorTest" time="0.0"/>
  <testcase name="avgCost_buyAtLowerPrice_reducesAverage" classname="com.trading.portfolio.service.PnLCalculatorTest" time="0.001"/>
  <testcase name="unrealizedPnl_loss" classname="com.trading.portfolio.service.PnLCalculatorTest" time="0.0"/>
  <testcase name="realizedPnl_breakEven" classname="com.trading.portfolio.service.PnLCalculatorTest" time="0.0"/>
  <testcase name="avgCost_firstBuy" classname="com.trading.portfolio.service.PnLCalculatorTest" time="0.001"/>
  <testcase name="avgCost_buyAtSamePrice" classname="com.trading.portfolio.service.PnLCalculatorTest" time="0.0"/>
  <testcase name="realizedPnl_scalesWithQuantity" classname="com.trading.portfolio.service.PnLCalculatorTest" time="0.0"/>
  <testcase name="fullScenario_buyTwiceThenPartialSell" classname="com.trading.portfolio.service.PnLCalculatorTest" time="0.001"/>
  <testcase name="avgCost_addToExistingPosition" classname="com.trading.portfolio.service.PnLCalculatorTest" time="0.0"/>
  <testcase name="realizedPnl_loss" classname="com.trading.portfolio.service.PnLCalculatorTest" time="0.0"/>
</testsuite>